[27Apr2025 00:00:11.874] [Server thread/INFO] [net.minecraft.server.dedicated.DedicatedServer/]: AnbertitoKawaixX has made the advancement [We Need to Go Deeper]
[27Apr2025 00:00:11.881] [Server thread/INFO] [net.minecraft.server.dedicated.DedicatedServer/]: [AnbertitoKawaixX: Teleported AnbertitoKawaixX to zetreaa]
[27Apr2025 00:00:12.735] [Server thread/INFO] [net.minecraft.server.dedicated.DedicatedServer/]: AnbertitoKawaixX has made the advancement [A Terrible Fortress]
[27Apr2025 00:00:37.026] [Server thread/INFO] [net.minecraft.server.dedicated.DedicatedServer/]: AnbertitoKawaixX has made the advancement [Into Fire]
[27Apr2025 00:01:18.596] [Server thread/WARN] [ModernFix/]: Couldn't find item handler capability on chest LootrChestTileEntity at BlockPos{x=70, y=31, z=49}
[27Apr2025 00:02:07.795] [Netty Epoll Server IO #4/INFO] [codechicken.lib.config.ConfigSyncManager/]: Skipping config sync, No mods have registered a syncable config.
[27Apr2025 00:02:07.821] [Netty Epoll Server IO #4/WARN] [com.connectivity.Connectivity/]: Login payload for Registry minecraft:item is using 64.3995% of max allowed vanilla size
[27Apr2025 00:02:07.826] [Netty Epoll Server IO #4/WARN] [com.connectivity.Connectivity/]: Login payload for Registry minecraft:block is using 42.2464% of max allowed vanilla size
[27Apr2025 00:02:14.426] [Server thread/INFO] [net.minecraft.network.play.ServerPlayNetHandler/]: zetreaa lost connection: You logged in from another location
[27Apr2025 00:02:14.427] [Server thread/INFO] [net.minecraft.server.dedicated.DedicatedServer/]: zetreaa left the game
[27Apr2025 00:02:14.868] [Server thread/INFO] [net.minecraft.server.management.PlayerList/]: zetreaa[/127.202.165.85:49349] logged in with entity id 39625 at (83.51128000699964, 32.0, 66.94805636814422)
[27Apr2025 00:02:14.870] [Server thread/INFO] [ModdingLegacy/blue_skies/]: Sending ToolHandleTypeManager to zetreaa
[27Apr2025 00:02:14.870] [Server thread/INFO] [ModdingLegacy/blue_skies/]: Sending SnowcapOvenFreezingManager to zetreaa
[27Apr2025 00:02:14.871] [Server thread/INFO] [ModdingLegacy/blue_skies/]: Sending HorizoniteForgeFuelManager to zetreaa
[27Apr2025 00:02:14.871] [Server thread/INFO] [ModdingLegacy/blue_skies/]: Sending AlchemyRecipeManager to zetreaa
[27Apr2025 00:02:14.871] [Server thread/INFO] [ModdingLegacy/blue_skies/]: Sending JournalEntryManager to zetreaa
[27Apr2025 00:02:14.873] [Server thread/INFO] [ModdingLegacy/blue_skies/]: Sending JournalSectionManager to zetreaa
[27Apr2025 00:02:14.873] [Server thread/INFO] [ModdingLegacy/blue_skies/]: Sending JournalRequirementManager to zetreaa
[27Apr2025 00:02:14.891] [Server thread/INFO] [net.minecraft.server.dedicated.DedicatedServer/]: zetreaa joined the game
[27Apr2025 00:03:43.476] [Server thread/INFO] [net.minecraft.server.dedicated.DedicatedServer/]: AnbertitoKawaixX was slain by Giddy Blaze
[27Apr2025 00:03:45.751] [Server thread/INFO] [Scaling Health/]: Player lost 0.00 heart crystal(s)
[27Apr2025 00:03:45.751] [Server thread/INFO] [Scaling Health/]: Player gained 0.00 difficulty
[27Apr2025 00:04:08.713] [Server thread/INFO] [net.minecraft.server.dedicated.DedicatedServer/]: [AnbertitoKawaixX: Teleported AnbertitoKawaixX to 7.5, 32.0, 99.5]
[27Apr2025 00:05:00.262] [Server thread/INFO] [net.minecraft.server.dedicated.DedicatedServer/]: [AnbertitoKawaixX: Teleported AnbertitoKawaixX to zetreaa]
[27Apr2025 00:05:00.330] [Server thread/WARN] [net.minecraft.world.TrackedEntity/]: Fetching packet for removed entity ItemEntity['Nether Brick'/42571, l='ServerLevel[world]', x=139.62, y=84.00, z=-101.88]
[27Apr2025 00:06:51.610] [Server thread/WARN] [net.minecraft.server.management.PlayerInteractionManager/]: Mismatch in destroy block pos: BlockPos{x=117, y=74, z=-164} BlockPos{x=119, y=74, z=-165}
[27Apr2025 00:06:51.756] [Server thread/WARN] [net.minecraft.server.management.PlayerInteractionManager/]: Mismatch in destroy block pos: BlockPos{x=117, y=74, z=-164} BlockPos{x=119, y=74, z=-165}
[27Apr2025 00:08:47.632] [Server thread/INFO] [net.minecraft.server.dedicated.DedicatedServer/]: [AnbertitoKawaixX: Teleported AnbertitoKawaixX to zetreaa]
[27Apr2025 00:09:24.377] [Server thread/INFO] [net.minecraft.server.dedicated.DedicatedServer/]: [zetreaa: The difficulty has been set to Hard]
[27Apr2025 00:10:24.544] [Server thread/INFO] [net.minecraft.server.dedicated.DedicatedServer/]: [AnbertitoKawaixX: Teleported AnbertitoKawaixX to zetreaa]
[27Apr2025 00:10:38.215] [Server thread/INFO] [net.minecraft.server.dedicated.DedicatedServer/]: [zetreaa: Teleported zetreaa to AnbertitoKawaixX]
[27Apr2025 00:10:38.917] [Server thread/INFO] [net.minecraft.server.dedicated.DedicatedServer/]: AnbertitoKawaixX has made the advancement [Nightmare Fuel]
[27Apr2025 00:10:58.336] [Server thread/INFO] [net.minecraft.network.play.ServerPlayNetHandler/]: zetreaa lost connection: Disconnected
[27Apr2025 00:10:58.336] [Server thread/INFO] [net.minecraft.server.dedicated.DedicatedServer/]: zetreaa left the game
[27Apr2025 00:11:01.729] [Netty Epoll Server IO #2/INFO] [codechicken.lib.config.ConfigSyncManager/]: Skipping config sync, No mods have registered a syncable config.
[27Apr2025 00:11:01.759] [Netty Epoll Server IO #2/WARN] [com.connectivity.Connectivity/]: Login payload for Registry minecraft:item is using 64.3995% of max allowed vanilla size
[27Apr2025 00:11:01.764] [Netty Epoll Server IO #2/WARN] [com.connectivity.Connectivity/]: Login payload for Registry minecraft:block is using 42.2464% of max allowed vanilla size
[27Apr2025 00:11:08.284] [Server thread/INFO] [net.minecraftforge.common.AdvancementLoadFix/]: Using new advancement loading for net.minecraft.advancements.PlayerAdvancements@60de492d
[27Apr2025 00:11:08.592] [Server thread/INFO] [net.minecraft.server.management.PlayerList/]: zetreaa[/127.202.165.85:33711] logged in with entity id 44691 at (-177.71306891551538, 66.0, -514.8385587382288)
[27Apr2025 00:11:08.594] [Server thread/INFO] [ModdingLegacy/blue_skies/]: Sending ToolHandleTypeManager to zetreaa
[27Apr2025 00:11:08.595] [Server thread/INFO] [ModdingLegacy/blue_skies/]: Sending SnowcapOvenFreezingManager to zetreaa
[27Apr2025 00:11:08.595] [Server thread/INFO] [ModdingLegacy/blue_skies/]: Sending HorizoniteForgeFuelManager to zetreaa
[27Apr2025 00:11:08.595] [Server thread/INFO] [ModdingLegacy/blue_skies/]: Sending AlchemyRecipeManager to zetreaa
[27Apr2025 00:11:08.596] [Server thread/INFO] [ModdingLegacy/blue_skies/]: Sending JournalEntryManager to zetreaa
[27Apr2025 00:11:08.597] [Server thread/INFO] [ModdingLegacy/blue_skies/]: Sending JournalSectionManager to zetreaa
[27Apr2025 00:11:08.597] [Server thread/INFO] [ModdingLegacy/blue_skies/]: Sending JournalRequirementManager to zetreaa
[27Apr2025 00:11:08.622] [Server thread/INFO] [net.minecraft.server.dedicated.DedicatedServer/]: zetreaa joined the game
[27Apr2025 00:11:08.683] [Server thread/INFO] [net.minecraft.server.dedicated.DedicatedServer/]: zetreaa has made the advancement [Into Fire]
[27Apr2025 00:14:32.038] [Server thread/INFO] [net.minecraft.server.dedicated.DedicatedServer/]: [AnbertitoKawaixX: Teleported AnbertitoKawaixX to zetreaa]
[27Apr2025 00:16:06.635] [Server thread/INFO] [net.minecraft.network.play.ServerPlayNetHandler/]: AnbertitoKawaixX lost connection: Disconnected
[27Apr2025 00:16:06.635] [Server thread/INFO] [net.minecraft.server.dedicated.DedicatedServer/]: AnbertitoKawaixX left the game
[27Apr2025 00:16:09.028] [Server thread/INFO] [net.minecraft.network.play.ServerPlayNetHandler/]: zetreaa lost connection: Disconnected
[27Apr2025 00:16:09.028] [Server thread/INFO] [net.minecraft.server.dedicated.DedicatedServer/]: zetreaa left the game
[27Apr2025 00:21:39.620] [Server thread/INFO] [net.minecraft.server.dedicated.DedicatedServer/]: Unknown or incomplete command, see below for error
[27Apr2025 00:21:39.636] [Server thread/INFO] [net.minecraft.server.dedicated.DedicatedServer/]: STOP<--[HERE]
[27Apr2025 00:21:43.470] [Server thread/INFO] [net.minecraft.server.dedicated.DedicatedServer/]: Stopping the server
[27Apr2025 00:21:43.523] [Server thread/INFO] [ModernFix/]: Shutting down locating executor service
[27Apr2025 00:21:43.529] [Server thread/INFO] [net.minecraft.server.MinecraftServer/]: Stopping server
[27Apr2025 00:21:43.532] [Server thread/INFO] [net.minecraft.server.MinecraftServer/]: Saving players
[27Apr2025 00:21:43.532] [Server thread/INFO] [net.minecraft.server.MinecraftServer/]: Saving worlds
[27Apr2025 00:21:43.532] [Server thread/INFO] [net.minecraft.server.MinecraftServer/]: Saving chunks for level 'ServerLevel[world]'/minecraft:overworld
[27Apr2025 00:21:43.637] [Server thread/INFO] [net.minecraft.world.server.ChunkManager/]: ThreadedAnvilChunkStorage (world): All chunks are saved
[27Apr2025 00:21:43.637] [Server thread/INFO] [net.minecraft.server.MinecraftServer/]: Saving chunks for level 'ServerLevel[world]'/minecraft:the_nether
[27Apr2025 00:21:43.640] [Server thread/INFO] [net.minecraft.world.server.ChunkManager/]: ThreadedAnvilChunkStorage (DIM-1): All chunks are saved
[27Apr2025 00:21:43.640] [Server thread/INFO] [net.minecraft.server.MinecraftServer/]: Saving chunks for level 'ServerLevel[world]'/minecraft:the_end
[27Apr2025 00:21:43.640] [Server thread/INFO] [net.minecraft.world.server.ChunkManager/]: ThreadedAnvilChunkStorage (DIM1): All chunks are saved
[27Apr2025 00:21:43.640] [Server thread/INFO] [net.minecraft.server.MinecraftServer/]: Saving chunks for level 'ServerLevel[world]'/levinide:lantern
[27Apr2025 00:21:43.641] [Server thread/INFO] [net.minecraft.world.server.ChunkManager/]: ThreadedAnvilChunkStorage (lantern): All chunks are saved
[27Apr2025 00:21:43.641] [Server thread/INFO] [net.minecraft.server.MinecraftServer/]: Saving chunks for level 'ServerLevel[world]'/tardis:moon
[27Apr2025 00:21:43.642] [Server thread/INFO] [net.minecraft.world.server.ChunkManager/]: ThreadedAnvilChunkStorage (moon): All chunks are saved
[27Apr2025 00:21:43.642] [Server thread/INFO] [net.minecraft.server.MinecraftServer/]: Saving chunks for level 'ServerLevel[world]'/twilightforest:twilightforest
[27Apr2025 00:21:43.642] [Server thread/INFO] [net.minecraft.world.server.ChunkManager/]: ThreadedAnvilChunkStorage (twilightforest): All chunks are saved
[27Apr2025 00:21:43.643] [Server thread/INFO] [net.minecraft.server.MinecraftServer/]: Saving chunks for level 'ServerLevel[world]'/twilightforest:skylight_forest
[27Apr2025 00:21:43.643] [Server thread/INFO] [net.minecraft.world.server.ChunkManager/]: ThreadedAnvilChunkStorage (skylight_forest): All chunks are saved
[27Apr2025 00:21:43.643] [Server thread/INFO] [net.minecraft.server.MinecraftServer/]: Saving chunks for level 'ServerLevel[world]'/allthemodium:mining
[27Apr2025 00:21:43.644] [Server thread/INFO] [net.minecraft.world.server.ChunkManager/]: ThreadedAnvilChunkStorage (mining): All chunks are saved
[27Apr2025 00:21:43.644] [Server thread/INFO] [net.minecraft.server.MinecraftServer/]: Saving chunks for level 'ServerLevel[world]'/appliedenergistics2:spatial_storage
[27Apr2025 00:21:43.645] [Server thread/INFO] [net.minecraft.world.server.ChunkManager/]: ThreadedAnvilChunkStorage (spatial_storage): All chunks are saved
[27Apr2025 00:21:43.645] [Server thread/INFO] [net.minecraft.server.MinecraftServer/]: Saving chunks for level 'ServerLevel[world]'/blue_skies:everdawn
[27Apr2025 00:21:43.646] [Server thread/INFO] [net.minecraft.world.server.ChunkManager/]: ThreadedAnvilChunkStorage (everdawn): All chunks are saved
[27Apr2025 00:21:43.646] [Server thread/INFO] [net.minecraft.server.MinecraftServer/]: Saving chunks for level 'ServerLevel[world]'/chaosawakens:mining_paradise
[27Apr2025 00:21:43.646] [Server thread/INFO] [net.minecraft.world.server.ChunkManager/]: ThreadedAnvilChunkStorage (mining_paradise): All chunks are saved
[27Apr2025 00:21:43.646] [Server thread/INFO] [net.minecraft.server.MinecraftServer/]: Saving chunks for level 'ServerLevel[world]'/tardis:space
[27Apr2025 00:21:43.647] [Server thread/INFO] [net.minecraft.world.server.ChunkManager/]: ThreadedAnvilChunkStorage (space): All chunks are saved
[27Apr2025 00:21:43.647] [Server thread/INFO] [net.minecraft.server.MinecraftServer/]: Saving chunks for level 'ServerLevel[world]'/chaosawakens:crystal_world
[27Apr2025 00:21:43.648] [Server thread/INFO] [net.minecraft.world.server.ChunkManager/]: ThreadedAnvilChunkStorage (crystal_world): All chunks are saved
[27Apr2025 00:21:43.648] [Server thread/INFO] [net.minecraft.server.MinecraftServer/]: Saving chunks for level 'ServerLevel[world]'/tardis:vortex
[27Apr2025 00:21:43.648] [Server thread/INFO] [net.minecraft.world.server.ChunkManager/]: ThreadedAnvilChunkStorage (vortex): All chunks are saved
[27Apr2025 00:21:43.648] [Server thread/INFO] [net.minecraft.server.MinecraftServer/]: Saving chunks for level 'ServerLevel[world]'/blue_skies:everbright
[27Apr2025 00:21:43.649] [Server thread/INFO] [net.minecraft.world.server.ChunkManager/]: ThreadedAnvilChunkStorage (everbright): All chunks are saved
[27Apr2025 00:21:43.649] [Server thread/INFO] [net.minecraft.server.MinecraftServer/]: Saving chunks for level 'ServerLevel[world]'/mythicbotany:alfheim
[27Apr2025 00:21:43.650] [Server thread/INFO] [net.minecraft.world.server.ChunkManager/]: ThreadedAnvilChunkStorage (alfheim): All chunks are saved
[27Apr2025 00:21:43.650] [Server thread/INFO] [net.minecraft.server.MinecraftServer/]: Saving chunks for level 'ServerLevel[world]'/chaosawakens:danger_isles
[27Apr2025 00:21:43.651] [Server thread/INFO] [net.minecraft.world.server.ChunkManager/]: ThreadedAnvilChunkStorage (danger_isles): All chunks are saved
[27Apr2025 00:21:43.651] [Server thread/INFO] [net.minecraft.server.MinecraftServer/]: Saving chunks for level 'ServerLevel[world]'/allthemodium:the_other
[27Apr2025 00:21:43.651] [Server thread/INFO] [net.minecraft.world.server.ChunkManager/]: ThreadedAnvilChunkStorage (the_other): All chunks are saved
[27Apr2025 00:21:43.651] [Server thread/INFO] [net.minecraft.server.MinecraftServer/]: Saving chunks for level 'ServerLevel[world]'/chaosawakens:village_mania
[27Apr2025 00:21:43.652] [Server thread/INFO] [net.minecraft.world.server.ChunkManager/]: ThreadedAnvilChunkStorage (village_mania): All chunks are saved
[27Apr2025 00:21:43.770] [Server thread/INFO] [net.minecraft.world.server.ChunkManager/]: ThreadedAnvilChunkStorage (world): All chunks are saved
[27Apr2025 00:21:43.830] [Server thread/INFO] [net.minecraft.world.server.ChunkManager/]: ThreadedAnvilChunkStorage (DIM-1): All chunks are saved
[27Apr2025 00:21:43.842] [Server thread/INFO] [net.minecraft.world.server.ChunkManager/]: ThreadedAnvilChunkStorage (DIM1): All chunks are saved
[27Apr2025 00:21:43.843] [Server thread/INFO] [net.minecraft.world.server.ChunkManager/]: ThreadedAnvilChunkStorage (lantern): All chunks are saved
[27Apr2025 00:21:43.843] [Server thread/INFO] [net.minecraft.world.server.ChunkManager/]: ThreadedAnvilChunkStorage (moon): All chunks are saved
[27Apr2025 00:21:43.843] [Server thread/INFO] [net.minecraft.world.server.ChunkManager/]: ThreadedAnvilChunkStorage (twilightforest): All chunks are saved
[27Apr2025 00:21:43.844] [Server thread/INFO] [net.minecraft.world.server.ChunkManager/]: ThreadedAnvilChunkStorage (skylight_forest): All chunks are saved
[27Apr2025 00:21:43.844] [Server thread/INFO] [net.minecraft.world.server.ChunkManager/]: ThreadedAnvilChunkStorage (mining): All chunks are saved
[27Apr2025 00:21:43.844] [Server thread/INFO] [net.minecraft.world.server.ChunkManager/]: ThreadedAnvilChunkStorage (spatial_storage): All chunks are saved
[27Apr2025 00:21:43.845] [Server thread/INFO] [net.minecraft.world.server.ChunkManager/]: ThreadedAnvilChunkStorage (everdawn): All chunks are saved
[27Apr2025 00:21:43.845] [Server thread/INFO] [net.minecraft.world.server.ChunkManager/]: ThreadedAnvilChunkStorage (mining_paradise): All chunks are saved
[27Apr2025 00:21:43.845] [Server thread/INFO] [net.minecraft.world.server.ChunkManager/]: ThreadedAnvilChunkStorage (space): All chunks are saved
[27Apr2025 00:21:43.846] [Server thread/INFO] [net.minecraft.world.server.ChunkManager/]: ThreadedAnvilChunkStorage (crystal_world): All chunks are saved
[27Apr2025 00:21:43.846] [Server thread/INFO] [net.minecraft.world.server.ChunkManager/]: ThreadedAnvilChunkStorage (vortex): All chunks are saved
[27Apr2025 00:21:43.847] [Server thread/INFO] [net.minecraft.world.server.ChunkManager/]: ThreadedAnvilChunkStorage (everbright): All chunks are saved
[27Apr2025 00:21:43.847] [Server thread/INFO] [net.minecraft.world.server.ChunkManager/]: ThreadedAnvilChunkStorage (alfheim): All chunks are saved
[27Apr2025 00:21:43.847] [Server thread/INFO] [net.minecraft.world.server.ChunkManager/]: ThreadedAnvilChunkStorage (danger_isles): All chunks are saved
[27Apr2025 00:21:43.848] [Server thread/INFO] [net.minecraft.world.server.ChunkManager/]: ThreadedAnvilChunkStorage (the_other): All chunks are saved
[27Apr2025 00:21:43.849] [Server thread/INFO] [net.minecraft.world.server.ChunkManager/]: ThreadedAnvilChunkStorage (village_mania): All chunks are saved
[27Apr2025 00:21:43.853] [Server thread/INFO] [FluxNetworks/]: FluxNetworkData has been unloaded
